<?xml version="1.0" encoding="UTF-8"?>
<!-- Generated by org.testng.reporters.JUnitReportReporter -->
<testsuite hostname="DESKTOP-L6HFUUG" failures="0" tests="9" name="mavenpractice.Invocationcount" time="0.015" errors="0" timestamp="2023-04-13T11:14:18 IST" skipped="1">
  <testcase classname="mavenpractice.Invocationcount" name="deposit" time="0.001"/>
  <system-out/>
  <testcase classname="mavenpractice.Invocationcount" name="deposit" time="0.001"/>
  <system-out/>
  <testcase classname="mavenpractice.Invocationcount" name="eheckbalance" time="0.001"/>
  <system-out/>
  <testcase classname="mavenpractice.Invocationcount" name="deposit" time="0.007"/>
  <system-out/>
  <testcase classname="mavenpractice.Invocationcount" name="deposit" time="0.001"/>
  <system-out/>
  <testcase classname="mavenpractice.Invocationcount" name="deposit" time="0.001"/>
  <system-out/>
  <testcase classname="mavenpractice.Invocationcount" name="eheckbalance" time="0.002"/>
  <system-out/>
  <testcase classname="mavenpractice.Invocationcount" name="eheckbalance" time="0.001"/>
  <system-out/>
  <testcase classname="mavenpractice.Invocationcount" name="withdraw">
    <skipped/>
  </testcase> <!-- withdraw -->
  <system-out/>
</testsuite> <!-- mavenpractice.Invocationcount -->
