<?xml version="1.0" encoding="UTF-8"?>
<!-- Generated by org.testng.reporters.JUnitReportReporter -->
<testsuite hostname="DESKTOP-L6HFUUG" failures="0" tests="2" name="mavenpractice.CrossBrowsing" time="4.645" errors="0" timestamp="2023-04-26T12:11:56 IST" skipped="0">
  <testcase classname="mavenpractice.CrossBrowsing" name="setup" time="1.800"/>
  <system-out/>
  <testcase classname="mavenpractice.CrossBrowsing" name="test" time="2.845"/>
  <system-out/>
</testsuite> <!-- mavenpractice.CrossBrowsing -->
