<?xml version="1.0" encoding="UTF-8"?>
<!-- Generated by org.testng.reporters.JUnitReportReporter -->
<testsuite hostname="DESKTOP-L6HFUUG" failures="0" tests="3" name="mavenpractice.DataProvider" time="0.008" errors="0" timestamp="2023-03-31T10:02:47 IST" skipped="0">
  <testcase classname="mavenpractice.DataProvider" name="setData" time="0.005"/>
  <system-out/>
  <testcase classname="mavenpractice.DataProvider" name="setData" time="0.001"/>
  <system-out/>
  <testcase classname="mavenpractice.DataProvider" name="setData" time="0.002"/>
  <system-out/>
</testsuite> <!-- mavenpractice.DataProvider -->
