<?xml version="1.0" encoding="UTF-8"?>
<!-- Generated by org.testng.reporters.JUnitReportReporter -->
<testsuite hostname="DESKTOP-L6HFUUG" failures="0" tests="1" name="DatabaseProgram.FetchingData" time="0.447" errors="0" timestamp="2023-04-26T11:53:04 IST" skipped="0">
  <testcase classname="DatabaseProgram.FetchingData" name="test1" time="0.447"/>
  <system-out/>
</testsuite> <!-- DatabaseProgram.FetchingData -->
