<?xml version="1.0" encoding="UTF-8"?>
<!-- Generated by org.testng.reporters.JUnitReportReporter -->
<testsuite hostname="DESKTOP-L6HFUUG" failures="0" tests="3" name="mavenpractice.dependsonmethod" time="0.010" errors="0" timestamp="2023-04-13T11:51:24 IST" skipped="0">
  <testcase classname="mavenpractice.dependsonmethod" name="searchUser" time="0.001"/>
  <system-out/>
  <testcase classname="mavenpractice.dependsonmethod" name="createUser" time="0.007"/>
  <system-out/>
  <testcase classname="mavenpractice.dependsonmethod" name="deleteUser" time="0.002"/>
  <system-out/>
</testsuite> <!-- mavenpractice.dependsonmethod -->
