<?xml version="1.0" encoding="UTF-8"?>
<!-- Generated by org.testng.reporters.JUnitReportReporter -->
<testsuite hostname="DESKTOP-L6HFUUG" failures="0" tests="2" name="mavenpractice.parelleltesting" time="13.829" errors="0" timestamp="2023-04-15T15:00:37 IST" skipped="0">
  <testcase classname="mavenpractice.parelleltesting" name="test" time="7.008"/>
  <system-out/>
  <testcase classname="mavenpractice.parelleltesting" name="test1" time="6.821"/>
  <system-out/>
</testsuite> <!-- mavenpractice.parelleltesting -->
